<?xml version="1.0" encoding="UTF-8"?>
<!-- Generated by org.testng.reporters.JUnitXMLReporter -->
<testsuite ignored="3" hostname="LAPTOP-VNUSMERF" failures="0" tests="1" name="Default test" time="4.674" errors="0" timestamp="2025-03-17T11:20:12 IST">
  <testcase classname="testClasses.LoginPageTestCases" name="verifyTheExactPageIsOpenesWhileHittingTheURL_UsingTitle" time="0.882"/>
  <testcase classname="testClasses.LoginPageTestCases" name="verifyRememberMeCheckBoxIsNotCheckedByDefault" time="0.0">
    <ignored/>
  </testcase> <!-- verifyRememberMeCheckBoxIsNotCheckedByDefault -->
  <testcase classname="testClasses.LoginPageTestCases" name="verifySuccessfulLogIn" time="0.0">
    <ignored/>
  </testcase> <!-- verifySuccessfulLogIn -->
  <testcase classname="testClasses.LoginPageTestCases" name="verifyUnSuccessfulLogIn" time="0.0">
    <ignored/>
  </testcase> <!-- verifyUnSuccessfulLogIn -->
</testsuite> <!-- Default test -->
