<?xml version="1.0" encoding="UTF-8"?>
<!-- Generated by org.testng.reporters.JUnitXMLReporter -->
<testsuite ignored="0" hostname="LAPTOP-VNUSMERF" failures="0" tests="3" name="FirefoxTest" time="7.37" errors="0" timestamp="2025-03-22T00:23:42 IST">
  <testcase classname="testClasses.LoginPageTestCases" name="verifyRememberMeCheckBoxIsNotCheckedByDefault" time="0.048">
    <skipped/>
  </testcase> <!-- verifyRememberMeCheckBoxIsNotCheckedByDefault -->
  <testcase classname="testClasses.LoginPageTestCases" name="verifyRememberMeCheckBoxIsNotCheckedByDefault" time="0.005">
    <skipped/>
  </testcase> <!-- verifyRememberMeCheckBoxIsNotCheckedByDefault -->
  <testcase classname="testClasses.LoginPageTestCases" name="verifyRememberMeCheckBoxIsNotCheckedByDefault" time="0.002">
    <skipped/>
  </testcase> <!-- verifyRememberMeCheckBoxIsNotCheckedByDefault -->
</testsuite> <!-- FirefoxTest -->
