<?xml version="1.0" encoding="UTF-8"?>
<!-- Generated by org.testng.reporters.JUnitXMLReporter -->
<testsuite ignored="3" hostname="LAPTOP-VNUSMERF" failures="3" tests="12" name="Test" time="0.931" errors="0" timestamp="2025-03-20T11:28:29 IST">
  <testcase classname="testClasses.ManageProductTestCases" name="verifyTheSeachFunctionality" time="0.035">
    <skipped/>
  </testcase> <!-- verifyTheSeachFunctionality -->
  <testcase classname="testClasses.ManageProductTestCases" name="verifyTheSeachFunctionality" time="0.002">
    <skipped/>
  </testcase> <!-- verifyTheSeachFunctionality -->
  <testcase classname="testClasses.ManageProductTestCases" name="verifyTheSeachFunctionality" time="0.002">
    <skipped/>
  </testcase> <!-- verifyTheSeachFunctionality -->
  <testcase classname="testClasses.ManageProductTestCases" name="verifyTheSeachFunctionality" time="0.001">
    <failure type="java.lang.NullPointerException" message="Cannot invoke &amp;quot;org.openqa.selenium.SearchContext.findElement(org.openqa.selenium.By)&amp;quot; because &amp;quot;this.searchContext&amp;quot; is null">
      <![CDATA[java.lang.NullPointerException: Cannot invoke "org.openqa.selenium.SearchContext.findElement(org.openqa.selenium.By)" because "this.searchContext" is null
at org.openqa.selenium.support.pagefactory.DefaultElementLocator.findElement(DefaultElementLocator.java:68)
at org.openqa.selenium.support.pagefactory.internal.LocatingElementHandler.invoke(LocatingElementHandler.java:38)
at jdk.proxy2/jdk.proxy2.$Proxy12.sendKeys(Unknown Source)
at elementRepository.LoginPage.logIn(LoginPage.java:46)
at testClasses.ManageProductTestCases.verifyTheSeachFunctionality(ManageProductTestCases.java:27)
at java.base/java.util.ArrayList.forEach(ArrayList.java:1596)
... Removed 25 stack frames]]>
    </failure>
  </testcase> <!-- verifyTheSeachFunctionality -->
  <testcase classname="testClasses.LoginPageTestCases" name="verifySuccessfulLogIn" time="0.003">
    <skipped/>
  </testcase> <!-- verifySuccessfulLogIn -->
  <testcase classname="testClasses.LoginPageTestCases" name="verifySuccessfulLogIn" time="0.002">
    <skipped/>
  </testcase> <!-- verifySuccessfulLogIn -->
  <testcase classname="testClasses.LoginPageTestCases" name="verifySuccessfulLogIn" time="0.001">
    <skipped/>
  </testcase> <!-- verifySuccessfulLogIn -->
  <testcase classname="testClasses.LoginPageTestCases" name="verifySuccessfulLogIn" time="0.001">
    <failure type="java.lang.NullPointerException" message="Cannot invoke &amp;quot;org.openqa.selenium.SearchContext.findElement(org.openqa.selenium.By)&amp;quot; because &amp;quot;this.searchContext&amp;quot; is null">
      <![CDATA[java.lang.NullPointerException: Cannot invoke "org.openqa.selenium.SearchContext.findElement(org.openqa.selenium.By)" because "this.searchContext" is null
at org.openqa.selenium.support.pagefactory.DefaultElementLocator.findElement(DefaultElementLocator.java:68)
at org.openqa.selenium.support.pagefactory.internal.LocatingElementHandler.invoke(LocatingElementHandler.java:38)
at jdk.proxy2/jdk.proxy2.$Proxy12.sendKeys(Unknown Source)
at elementRepository.LoginPage.logIn(LoginPage.java:46)
at testClasses.LoginPageTestCases.verifySuccessfulLogIn(LoginPageTestCases.java:38)
at java.base/java.util.ArrayList.forEach(ArrayList.java:1596)
... Removed 25 stack frames]]>
    </failure>
  </testcase> <!-- verifySuccessfulLogIn -->
  <testcase classname="testClasses.LoginPageTestCases" name="verifyTheExactPageIsOpenesWhileHittingTheURL_UsingTitle" time="0.002">
    <skipped/>
  </testcase> <!-- verifyTheExactPageIsOpenesWhileHittingTheURL_UsingTitle -->
  <testcase classname="testClasses.LoginPageTestCases" name="verifyTheExactPageIsOpenesWhileHittingTheURL_UsingTitle" time="0.001">
    <skipped/>
  </testcase> <!-- verifyTheExactPageIsOpenesWhileHittingTheURL_UsingTitle -->
  <testcase classname="testClasses.LoginPageTestCases" name="verifyTheExactPageIsOpenesWhileHittingTheURL_UsingTitle" time="0.001">
    <skipped/>
  </testcase> <!-- verifyTheExactPageIsOpenesWhileHittingTheURL_UsingTitle -->
  <testcase classname="testClasses.LoginPageTestCases" name="verifyTheExactPageIsOpenesWhileHittingTheURL_UsingTitle" time="0.004">
    <failure type="java.lang.NullPointerException" message="Cannot invoke &amp;quot;org.openqa.selenium.SearchContext.findElement(org.openqa.selenium.By)&amp;quot; because &amp;quot;this.searchContext&amp;quot; is null">
      <![CDATA[java.lang.NullPointerException: Cannot invoke "org.openqa.selenium.SearchContext.findElement(org.openqa.selenium.By)" because "this.searchContext" is null
at org.openqa.selenium.support.pagefactory.DefaultElementLocator.findElement(DefaultElementLocator.java:68)
at org.openqa.selenium.support.pagefactory.internal.LocatingElementHandler.invoke(LocatingElementHandler.java:38)
at jdk.proxy2/jdk.proxy2.$Proxy12.getText(Unknown Source)
at utilities.GeneralUtilities.getTextOfElement_Utility(GeneralUtilities.java:19)
at elementRepository.LoginPage.getTextOf7MartHeading(LoginPage.java:42)
at testClasses.LoginPageTestCases.verifyTheExactPageIsOpenesWhileHittingTheURL_UsingTitle(LoginPageTestCases.java:29)
at java.base/java.util.ArrayList.forEach(ArrayList.java:1596)
... Removed 25 stack frames]]>
    </failure>
  </testcase> <!-- verifyTheExactPageIsOpenesWhileHittingTheURL_UsingTitle -->
  <testcase classname="testClasses.ManageProductTestCases" name="verifyAllOptionsFromCategoryDropdown" time="0.0">
    <ignored/>
  </testcase> <!-- verifyAllOptionsFromCategoryDropdown -->
  <testcase classname="testClasses.LoginPageTestCases" name="verifyUnSuccessfulLogIn" time="0.0">
    <ignored/>
  </testcase> <!-- verifyUnSuccessfulLogIn -->
  <testcase classname="testClasses.LoginPageTestCases" name="verifyRememberMeCheckBoxIsNotCheckedByDefault" time="0.0">
    <ignored/>
  </testcase> <!-- verifyRememberMeCheckBoxIsNotCheckedByDefault -->
</testsuite> <!-- Test -->
